<?xml version="1.0" encoding="UTF-8"?>
<!-- Generated by org.testng.reporters.JUnitReportReporter -->
<testsuite hostname="SBATCHU-L-2400" failures="0" tests="1" name="testCases.OragneHRMDemoLogin" time="0.022" errors="0" timestamp="2023-06-16T18:12:22 IST" skipped="0">
  <testcase classname="testCases.OragneHRMDemoLogin" name="LoginToOrangeHRMDemo" time="0.022"/>
  <system-out/>
</testsuite> <!-- testCases.OragneHRMDemoLogin -->
